<?xml version="1.0" encoding="utf-8"?><testsuites name="pytest tests"><testsuite name="pytest" errors="0" failures="0" skipped="0" tests="9" time="6.810" timestamp="2026-07-13T06:42:13.181444+00:00" hostname="agent-env-6e7b1751-0a28-4b66-9904-dee1afe9d86b"><testcase classname="backend.tests.test_bookbridge_api.TestAuth" name="test_admin_login_success" time="1.310" /><testcase classname="backend.tests.test_bookbridge_api.TestAuth" name="test_store_owner_login_success" time="0.651" /><testcase classname="backend.tests.test_bookbridge_api.TestAuth" name="test_publisher_login_success" time="0.782" /><testcase classname="backend.tests.test_bookbridge_api.TestAuth" name="test_user_login_success" time="0.922" /><testcase classname="backend.tests.test_bookbridge_api.TestAuth" name="test_login_invalid_credentials" time="0.632" /><testcase classname="backend.tests.test_bookbridge_api.TestAuth" name="test_auth_me_with_token" time="0.900" /><testcase classname="backend.tests.test_bookbridge_api.TestAuth" name="test_auth_me_without_token" time="0.110" /><testcase classname="backend.tests.test_bookbridge_api.TestAuth" name="test_register_new_user" time="0.828" /><testcase classname="backend.tests.test_bookbridge_api.TestAuth" name="test_register_duplicate_email" time="0.338" /></testsuite></testsuites>