<?xml version="1.0" encoding="utf-8"?><testsuites name="pytest tests"><testsuite name="pytest" errors="0" failures="1" skipped="0" tests="47" time="61.743" timestamp="2026-07-13T06:42:25.264805+00:00" hostname="agent-env-6e7b1751-0a28-4b66-9904-dee1afe9d86b"><testcase classname="backend.tests.test_bookbridge_api.TestHealthAndBasics" name="test_books_endpoint_accessible" time="0.452" /><testcase classname="backend.tests.test_bookbridge_api.TestHealthAndBasics" name="test_categories_endpoint" time="0.096" /><testcase classname="backend.tests.test_bookbridge_api.TestAuth" name="test_admin_login_success" time="0.561" /><testcase classname="backend.tests.test_bookbridge_api.TestAuth" name="test_store_owner_login_success" time="0.556" /><testcase classname="backend.tests.test_bookbridge_api.TestAuth" name="test_publisher_login_success" time="0.588" /><testcase classname="backend.tests.test_bookbridge_api.TestAuth" name="test_user_login_success" time="0.589" /><testcase classname="backend.tests.test_bookbridge_api.TestAuth" name="test_login_invalid_credentials" time="0.554" /><testcase classname="backend.tests.test_bookbridge_api.TestAuth" name="test_auth_me_with_token" time="0.881" /><testcase classname="backend.tests.test_bookbridge_api.TestAuth" name="test_auth_me_without_token" time="0.152" /><testcase classname="backend.tests.test_bookbridge_api.TestAuth" name="test_register_new_user" time="0.788" /><testcase classname="backend.tests.test_bookbridge_api.TestAuth" name="test_register_duplicate_email" time="0.351" /><testcase classname="backend.tests.test_bookbridge_api.TestBooks" name="test_get_all_books" time="0.335" /><testcase classname="backend.tests.test_bookbridge_api.TestBooks" name="test_filter_by_category_fiction" time="0.338" /><testcase classname="backend.tests.test_bookbridge_api.TestBooks" name="test_search_white_tiger" time="0.338" /><testcase classname="backend.tests.test_bookbridge_api.TestBooks" name="test_get_single_book" time="0.905" /><testcase classname="backend.tests.test_bookbridge_api.TestBooks" name="test_get_nonexistent_book" time="0.395"><failure message="assert 500 == 404&#10; +  where 500 = &lt;Response [500]&gt;.status_code">backend/tests/test_bookbridge_api.py:212: in test_get_nonexistent_book
    assert response.status_code == 404
E   assert 500 == 404
E    +  where 500 = &lt;Response [500]&gt;.status_code</failure></testcase><testcase classname="backend.tests.test_bookbridge_api.TestStoreOwnerBooks" name="test_store_owner_sees_own_books" time="0.931" /><testcase classname="backend.tests.test_bookbridge_api.TestStoreOwnerBooks" name="test_store_owner_create_book" time="1.207" /><testcase classname="backend.tests.test_bookbridge_api.TestStoreOwnerBooks" name="test_store_owner_update_book" time="2.202" /><testcase classname="backend.tests.test_bookbridge_api.TestStoreOwnerBooks" name="test_store_owner_delete_book" time="2.259" /><testcase classname="backend.tests.test_bookbridge_api.TestCart" name="test_add_to_cart" time="1.969" /><testcase classname="backend.tests.test_bookbridge_api.TestCart" name="test_get_cart" time="3.217" /><testcase classname="backend.tests.test_bookbridge_api.TestCart" name="test_remove_from_cart" time="2.568" /><testcase classname="backend.tests.test_bookbridge_api.TestOrders" name="test_place_order" time="5.222" /><testcase classname="backend.tests.test_bookbridge_api.TestOrders" name="test_get_user_orders" time="1.129" /><testcase classname="backend.tests.test_bookbridge_api.TestSellerOrders" name="test_seller_sees_orders" time="1.163" /><testcase classname="backend.tests.test_bookbridge_api.TestSellerOrders" name="test_seller_update_order_status" time="1.921" /><testcase classname="backend.tests.test_bookbridge_api.TestPosts" name="test_get_posts" time="0.569" /><testcase classname="backend.tests.test_bookbridge_api.TestPosts" name="test_create_post" time="1.142" /><testcase classname="backend.tests.test_bookbridge_api.TestPosts" name="test_like_post" time="1.936" /><testcase classname="backend.tests.test_bookbridge_api.TestPosts" name="test_comment_on_post" time="1.928" /><testcase classname="backend.tests.test_bookbridge_api.TestChat" name="test_send_message" time="2.320" /><testcase classname="backend.tests.test_bookbridge_api.TestChat" name="test_get_chat_messages" time="2.531" /><testcase classname="backend.tests.test_bookbridge_api.TestChat" name="test_get_chat_threads" time="1.936" /><testcase classname="backend.tests.test_bookbridge_api.TestUserProfile" name="test_update_profile" time="1.354" /><testcase classname="backend.tests.test_bookbridge_api.TestUserProfile" name="test_toggle_follow" time="2.185" /><testcase classname="backend.tests.test_bookbridge_api.TestUserProfile" name="test_get_user_profile" time="0.906" /><testcase classname="backend.tests.test_bookbridge_api.TestAdmin" name="test_admin_stats" time="2.319" /><testcase classname="backend.tests.test_bookbridge_api.TestAdmin" name="test_admin_users" time="1.141" /><testcase classname="backend.tests.test_bookbridge_api.TestAdmin" name="test_admin_books" time="1.124" /><testcase classname="backend.tests.test_bookbridge_api.TestAdmin" name="test_admin_all_orders" time="1.133" /><testcase classname="backend.tests.test_bookbridge_api.TestAdmin" name="test_admin_suspend_user" time="2.740" /><testcase classname="backend.tests.test_bookbridge_api.TestAdmin" name="test_admin_feature_book" time="1.924" /><testcase classname="backend.tests.test_bookbridge_api.TestRoleBasedAccess" name="test_user_cannot_access_admin_stats" time="0.904" /><testcase classname="backend.tests.test_bookbridge_api.TestRoleBasedAccess" name="test_user_cannot_access_admin_users" time="0.891" /><testcase classname="backend.tests.test_bookbridge_api.TestRoleBasedAccess" name="test_user_cannot_access_all_orders" time="0.885" /><testcase classname="backend.tests.test_bookbridge_api.TestRoleBasedAccess" name="test_unauthenticated_cannot_create_post" time="0.089" /></testsuite></testsuites>