<?xml version="1.0" encoding="utf-8"?><testsuites name="pytest tests"><testsuite name="pytest" errors="0" failures="1" skipped="0" tests="49" time="73.063" timestamp="2026-07-13T06:57:04.980167+00:00" hostname="agent-env-6e7b1751-0a28-4b66-9904-dee1afe9d86b"><testcase classname="backend.tests.test_bookbridge_api.TestHealthAndBasics" name="test_books_endpoint_accessible" time="1.008" /><testcase classname="backend.tests.test_bookbridge_api.TestHealthAndBasics" name="test_categories_endpoint" time="0.143" /><testcase classname="backend.tests.test_bookbridge_api.TestAuth" name="test_admin_login_success" time="1.131" /><testcase classname="backend.tests.test_bookbridge_api.TestAuth" name="test_store_owner_login_success" time="0.593" /><testcase classname="backend.tests.test_bookbridge_api.TestAuth" name="test_publisher_login_success" time="0.587" /><testcase classname="backend.tests.test_bookbridge_api.TestAuth" name="test_user_login_success" time="0.622" /><testcase classname="backend.tests.test_bookbridge_api.TestAuth" name="test_login_invalid_credentials" time="0.597" /><testcase classname="backend.tests.test_bookbridge_api.TestAuth" name="test_auth_me_with_token" time="0.996" /><testcase classname="backend.tests.test_bookbridge_api.TestAuth" name="test_auth_me_without_token" time="0.126" /><testcase classname="backend.tests.test_bookbridge_api.TestAuth" name="test_register_new_user" time="0.879" /><testcase classname="backend.tests.test_bookbridge_api.TestAuth" name="test_register_duplicate_email" time="0.413" /><testcase classname="backend.tests.test_bookbridge_api.TestBooks" name="test_get_all_books" time="0.367" /><testcase classname="backend.tests.test_bookbridge_api.TestBooks" name="test_filter_by_category_fiction" time="0.367" /><testcase classname="backend.tests.test_bookbridge_api.TestBooks" name="test_search_white_tiger" time="0.364" /><testcase classname="backend.tests.test_bookbridge_api.TestBooks" name="test_get_single_book" time="1.058" /><testcase classname="backend.tests.test_bookbridge_api.TestBooks" name="test_get_nonexistent_book" time="0.379"><failure message="assert 500 == 404&#10; +  where 500 = &lt;Response [500]&gt;.status_code">E   assert 500 == 404
     +  where 500 = &lt;Response [500]&gt;.status_code</failure></testcase><testcase classname="backend.tests.test_bookbridge_api.TestStoreOwnerBooks" name="test_store_owner_sees_own_books" time="0.965" /><testcase classname="backend.tests.test_bookbridge_api.TestStoreOwnerBooks" name="test_store_owner_create_book" time="1.280" /><testcase classname="backend.tests.test_bookbridge_api.TestStoreOwnerBooks" name="test_store_owner_update_book" time="2.389" /><testcase classname="backend.tests.test_bookbridge_api.TestStoreOwnerBooks" name="test_store_owner_delete_book" time="2.993" /><testcase classname="backend.tests.test_bookbridge_api.TestCart" name="test_add_to_cart" time="2.131" /><testcase classname="backend.tests.test_bookbridge_api.TestCart" name="test_get_cart" time="3.040" /><testcase classname="backend.tests.test_bookbridge_api.TestCart" name="test_remove_from_cart" time="2.765" /><testcase classname="backend.tests.test_bookbridge_api.TestOrders" name="test_place_order" time="5.790" /><testcase classname="backend.tests.test_bookbridge_api.TestOrders" name="test_get_user_orders" time="1.591" /><testcase classname="backend.tests.test_bookbridge_api.TestSellerOrders" name="test_seller_sees_orders" time="1.768" /><testcase classname="backend.tests.test_bookbridge_api.TestSellerOrders" name="test_seller_update_order_status" time="2.189" /><testcase classname="backend.tests.test_bookbridge_api.TestPosts" name="test_get_posts" time="0.629" /><testcase classname="backend.tests.test_bookbridge_api.TestPosts" name="test_create_post" time="1.217" /><testcase classname="backend.tests.test_bookbridge_api.TestPosts" name="test_like_post" time="2.131" /><testcase classname="backend.tests.test_bookbridge_api.TestPosts" name="test_comment_on_post" time="2.136" /><testcase classname="backend.tests.test_bookbridge_api.TestChat" name="test_send_message" time="2.054" /><testcase classname="backend.tests.test_bookbridge_api.TestChat" name="test_get_chat_messages" time="2.770" /><testcase classname="backend.tests.test_bookbridge_api.TestChat" name="test_get_chat_threads" time="2.108" /><testcase classname="backend.tests.test_bookbridge_api.TestUserProfile" name="test_update_profile" time="1.555" /><testcase classname="backend.tests.test_bookbridge_api.TestUserProfile" name="test_toggle_follow" time="2.401" /><testcase classname="backend.tests.test_bookbridge_api.TestUserProfile" name="test_get_user_profile" time="0.956" /><testcase classname="backend.tests.test_bookbridge_api.TestAdmin" name="test_admin_stats" time="2.557" /><testcase classname="backend.tests.test_bookbridge_api.TestAdmin" name="test_admin_users" time="1.241" /><testcase classname="backend.tests.test_bookbridge_api.TestAdmin" name="test_admin_books" time="1.219" /><testcase classname="backend.tests.test_bookbridge_api.TestAdmin" name="test_admin_all_orders" time="1.228" /><testcase classname="backend.tests.test_bookbridge_api.TestAdmin" name="test_admin_suspend_user" time="3.121" /><testcase classname="backend.tests.test_bookbridge_api.TestAdmin" name="test_admin_feature_book" time="2.119" /><testcase classname="backend.tests.test_bookbridge_api.TestRoleBasedAccess" name="test_user_cannot_access_admin_stats" time="0.944" /><testcase classname="backend.tests.test_bookbridge_api.TestRoleBasedAccess" name="test_user_cannot_access_admin_users" time="0.952" /><testcase classname="backend.tests.test_bookbridge_api.TestRoleBasedAccess" name="test_user_cannot_access_all_orders" time="0.971" /><testcase classname="backend.tests.test_bookbridge_api.TestRoleBasedAccess" name="test_unauthenticated_cannot_create_post" time="0.091" /><testcase classname="backend.tests.test_post_image_upload.TestPostImageUpload" name="test_create_post_with_data_url_image" time="2.829" /><testcase classname="backend.tests.test_post_image_upload.TestPostImageUpload" name="test_create_post_text_only" time="1.216" /></testsuite></testsuites>