<?xml version="1.0" encoding="utf-8"?><testsuites name="pytest tests"><testsuite name="pytest" errors="0" failures="2" skipped="0" tests="49" time="73.918" timestamp="2026-07-13T07:31:50.178418+00:00" hostname="agent-env-6e7b1751-0a28-4b66-9904-dee1afe9d86b"><testcase classname="backend.tests.test_bookbridge_api.TestHealthAndBasics" name="test_books_endpoint_accessible" time="1.644" /><testcase classname="backend.tests.test_bookbridge_api.TestHealthAndBasics" name="test_categories_endpoint" time="0.149" /><testcase classname="backend.tests.test_bookbridge_api.TestAuth" name="test_admin_login_success" time="0.615" /><testcase classname="backend.tests.test_bookbridge_api.TestAuth" name="test_store_owner_login_success" time="0.633" /><testcase classname="backend.tests.test_bookbridge_api.TestAuth" name="test_publisher_login_success" time="0.683" /><testcase classname="backend.tests.test_bookbridge_api.TestAuth" name="test_user_login_success" time="0.750" /><testcase classname="backend.tests.test_bookbridge_api.TestAuth" name="test_login_invalid_credentials" time="0.613" /><testcase classname="backend.tests.test_bookbridge_api.TestAuth" name="test_auth_me_with_token" time="1.017" /><testcase classname="backend.tests.test_bookbridge_api.TestAuth" name="test_auth_me_without_token" time="0.095" /><testcase classname="backend.tests.test_bookbridge_api.TestAuth" name="test_register_new_user" time="0.954" /><testcase classname="backend.tests.test_bookbridge_api.TestAuth" name="test_register_duplicate_email" time="0.354" /><testcase classname="backend.tests.test_bookbridge_api.TestBooks" name="test_get_all_books" time="0.356" /><testcase classname="backend.tests.test_bookbridge_api.TestBooks" name="test_filter_by_category_fiction" time="0.805" /><testcase classname="backend.tests.test_bookbridge_api.TestBooks" name="test_search_white_tiger" time="0.369" /><testcase classname="backend.tests.test_bookbridge_api.TestBooks" name="test_get_single_book" time="1.024" /><testcase classname="backend.tests.test_bookbridge_api.TestBooks" name="test_get_nonexistent_book" time="0.377"><failure message="assert 500 == 404&#10; +  where 500 = &lt;Response [500]&gt;.status_code">backend/tests/test_bookbridge_api.py:212: in test_get_nonexistent_book
    assert response.status_code == 404
E   assert 500 == 404
E    +  where 500 = &lt;Response [500]&gt;.status_code</failure></testcase><testcase classname="backend.tests.test_bookbridge_api.TestStoreOwnerBooks" name="test_store_owner_sees_own_books" time="0.989" /><testcase classname="backend.tests.test_bookbridge_api.TestStoreOwnerBooks" name="test_store_owner_create_book" time="1.399" /><testcase classname="backend.tests.test_bookbridge_api.TestStoreOwnerBooks" name="test_store_owner_update_book" time="2.634" /><testcase classname="backend.tests.test_bookbridge_api.TestStoreOwnerBooks" name="test_store_owner_delete_book" time="2.883" /><testcase classname="backend.tests.test_bookbridge_api.TestCart" name="test_add_to_cart" time="2.095" /><testcase classname="backend.tests.test_bookbridge_api.TestCart" name="test_get_cart" time="2.922" /><testcase classname="backend.tests.test_bookbridge_api.TestCart" name="test_remove_from_cart" time="2.974" /><testcase classname="backend.tests.test_bookbridge_api.TestOrders" name="test_place_order" time="5.762" /><testcase classname="backend.tests.test_bookbridge_api.TestOrders" name="test_get_user_orders" time="1.280" /><testcase classname="backend.tests.test_bookbridge_api.TestSellerOrders" name="test_seller_sees_orders" time="1.205" /><testcase classname="backend.tests.test_bookbridge_api.TestSellerOrders" name="test_seller_update_order_status" time="2.251" /><testcase classname="backend.tests.test_bookbridge_api.TestPosts" name="test_get_posts" time="0.615" /><testcase classname="backend.tests.test_bookbridge_api.TestPosts" name="test_create_post" time="1.228" /><testcase classname="backend.tests.test_bookbridge_api.TestPosts" name="test_like_post" time="2.259" /><testcase classname="backend.tests.test_bookbridge_api.TestPosts" name="test_comment_on_post" time="2.124" /><testcase classname="backend.tests.test_bookbridge_api.TestChat" name="test_send_message" time="2.099" /><testcase classname="backend.tests.test_bookbridge_api.TestChat" name="test_get_chat_messages" time="2.636" /><testcase classname="backend.tests.test_bookbridge_api.TestChat" name="test_get_chat_threads" time="2.752" /><testcase classname="backend.tests.test_bookbridge_api.TestUserProfile" name="test_update_profile" time="1.561" /><testcase classname="backend.tests.test_bookbridge_api.TestUserProfile" name="test_toggle_follow" time="2.431" /><testcase classname="backend.tests.test_bookbridge_api.TestUserProfile" name="test_get_user_profile" time="0.987" /><testcase classname="backend.tests.test_bookbridge_api.TestAdmin" name="test_admin_stats" time="3.036" /><testcase classname="backend.tests.test_bookbridge_api.TestAdmin" name="test_admin_users" time="1.227" /><testcase classname="backend.tests.test_bookbridge_api.TestAdmin" name="test_admin_books" time="1.401" /><testcase classname="backend.tests.test_bookbridge_api.TestAdmin" name="test_admin_all_orders" time="1.232" /><testcase classname="backend.tests.test_bookbridge_api.TestAdmin" name="test_admin_suspend_user" time="1.565"><failure message="assert 500 == 200&#10; +  where 500 = &lt;Response [500]&gt;.status_code">backend/tests/test_bookbridge_api.py:773: in test_admin_suspend_user
    assert response.status_code == 200
E   assert 500 == 200
E    +  where 500 = &lt;Response [500]&gt;.status_code</failure></testcase><testcase classname="backend.tests.test_bookbridge_api.TestAdmin" name="test_admin_feature_book" time="2.863" /><testcase classname="backend.tests.test_bookbridge_api.TestRoleBasedAccess" name="test_user_cannot_access_admin_stats" time="0.883" /><testcase classname="backend.tests.test_bookbridge_api.TestRoleBasedAccess" name="test_user_cannot_access_admin_users" time="0.885" /><testcase classname="backend.tests.test_bookbridge_api.TestRoleBasedAccess" name="test_user_cannot_access_all_orders" time="0.918" /><testcase classname="backend.tests.test_bookbridge_api.TestRoleBasedAccess" name="test_unauthenticated_cannot_create_post" time="0.105" /><testcase classname="backend.tests.test_post_image_upload.TestPostImageUpload" name="test_create_post_with_data_url_image" time="2.088" /><testcase classname="backend.tests.test_post_image_upload.TestPostImageUpload" name="test_create_post_text_only" time="1.973" /></testsuite></testsuites>